 a(           1 )=   75.82880    
 a(           2 )=   75.82880    
 a(           3 )=   75.82880    
 a(           4 )=   75.82880    
 a(           5 )=   75.82880    
 a(           6 )=   75.82880    
 a(           7 )=   75.82880    
 a(           8 )=   75.82880    
 a(           9 )=   75.82880    
 a(          10 )=   75.82880    
 a(          11 )=   75.82880    
 a(          12 )=   75.82880    
 a(          13 )=   75.82880    
 a(          14 )=   75.82880    
 a(          15 )=   75.82880    
 a(          16 )=   75.82880    
 a(          17 )=   75.82880    
 a(          18 )=   75.82880    
 a(          19 )=   75.82880    
 a(          20 )=   75.82880    
 a =   75.82880       75.82880       75.82880       75.82880       75.82880    
   75.82880       75.82880       75.82880       75.82880       75.82880    
   75.82880       75.82880       75.82880       75.82880       75.82880    
   75.82880       75.82880       75.82880       75.82880       75.82880    
